<?xml version="1.0" encoding="UTF-8" ?>
<testsuite tests="1" failures="1" name="com.innovations.retailBase.unitTests.entities.connector.BrandConnectorTest" time="0.126" errors="0" skipped="0">
  <properties>
[...]
</properties>
  <testcase classname="com.innovations.retailBase.unitTests.entities.connector.BrandConnectorTest" name="com.innovations.retailBase.unitTests.entities.connector.BrandConnectorTest.testGetBrandCache" time="0.106">
    <failure message="Unable to connect to database. Please contact administrator..." type="java.security.InvalidParameterException">java.security.InvalidParameterException: Unable to connect to database. Please contact administrator...
	at com.innovations.retailBase.entities.connector.ConnectorBase.&lt;init&gt;(ConnectorBase.java:49)
	at com.innovations.retailBase.entities.connector.BrandsConnector.&lt;init&gt;(BrandsConnector.java:28)
	at com.innovations.retailBase.entities.connector.BrandsConnector.getBrandCache(BrandsConnector.java:46)
	at com.innovations.retailBase.unitTests.entities.connector.BrandConnectorTest.testGetBrandCache(BrandConnectorTest.java:66)
</failure>
    <system-out>S1: XML @E:\Goods4U\Git\BaseEntities\legacy\target\classes\com\innovations\retailBase\applicationConnector\ClassSchemaMapping.xml loaded successfully!	-&gt; 1
S1: Connecting using -&gt; 50.62.209.107 @ 3306	-&gt; 1
S1: @Schema Name -&gt; ARCH_PRD description -&gt; 	-&gt; 1
S1: @ Table Name -&gt; BRAND_MASTER description -&gt; Store brand master data	-&gt; 1
S1: @ Table Name -&gt; HIERARCHY_MASTER description -&gt; Store hierarchy information	-&gt; 1
S1: @ Table Name -&gt; PRICE_MASTER description -&gt; Store the price details	-&gt; 1
S1: @ Table Name -&gt; PRODUCT_MASTER description -&gt; Store the product details	-&gt; 1
</system-out>
  </testcase>
</testsuite>