<?xml version="1.0" encoding="UTF-8" ?>
<testsuite tests="1" failures="1" name="com.innovations.retailBase.unitTests.applicationConnector.DBConnectionTest" time="0.086" errors="0" skipped="0">
  <properties>
[...]
</properties>
  <testcase classname="com.innovations.retailBase.unitTests.applicationConnector.DBConnectionTest" name="com.innovations.retailBase.unitTests.applicationConnector.DBConnectionTest.testGetDatabaseConnector" time="0.043">
    <failure message="org/junit/Assert" type="java.lang.NoClassDefFoundError">java.lang.NoClassDefFoundError: org/junit/Assert
	at com.innovations.retailBase.unitTests.applicationConnector.DBConnectionTest.testGetDatabaseConnector(DBConnectionTest.java:50)
Caused by: java.lang.ClassNotFoundException: org.junit.Assert
	at java.net.URLClassLoader$1.run(Unknown Source)
	at java.net.URLClassLoader$1.run(Unknown Source)
	at java.security.AccessController.doPrivileged(Native Method)
	at java.net.URLClassLoader.findClass(Unknown Source)
	at java.lang.ClassLoader.loadClass(Unknown Source)
	at sun.misc.Launcher$AppClassLoader.loadClass(Unknown Source)
	at java.lang.ClassLoader.loadClass(Unknown Source)
	... 19 more
</failure>
    <system-out>S1: Loading driver for com.mysql.jdbc.Driver @ index 1	-&gt; 1
</system-out>
    <system-err>java.lang.ClassNotFoundException: com.mysql.jdbc.Driver
	at java.net.URLClassLoader$1.run(Unknown Source)
	at java.net.URLClassLoader$1.run(Unknown Source)
	at java.security.AccessController.doPrivileged(Native Method)
	at java.net.URLClassLoader.findClass(Unknown Source)
	at java.lang.ClassLoader.loadClass(Unknown Source)
	at sun.misc.Launcher$AppClassLoader.loadClass(Unknown Source)
	at java.lang.ClassLoader.loadClass(Unknown Source)
	at java.lang.Class.forName0(Native Method)
	at java.lang.Class.forName(Unknown Source)
	at com.innovations.retailBase.applicationConnector.Connection.&lt;init&gt;(Connection.java:28)
	at com.innovations.retailBase.applicationConnector.DatabaseConnector.&lt;init&gt;(DatabaseConnector.java:89)
	at com.innovations.retailBase.applicationConnector.DatabaseConnector.getDatabaseConnector(DatabaseConnector.java:57)
	at com.innovations.retailBase.unitTests.applicationConnector.DBConnectionTest.testGetDatabaseConnector(DBConnectionTest.java:50)
	at sun.reflect.NativeMethodAccessorImpl.invoke0(Native Method)
	at sun.reflect.NativeMethodAccessorImpl.invoke(Unknown Source)
	at sun.reflect.DelegatingMethodAccessorImpl.invoke(Unknown Source)
	at java.lang.reflect.Method.invoke(Unknown Source)
	at org.apache.maven.surefire.junit.PojoTestSet.executeTestMethod(PojoTestSet.java:151)
	at org.apache.maven.surefire.junit.PojoTestSet.executeTestMethods(PojoTestSet.java:103)
	at org.apache.maven.surefire.junit.PojoTestSet.execute(PojoTestSet.java:84)
	at org.apache.maven.surefire.junit.JUnit3Provider.executeTestSet(JUnit3Provider.java:117)
	at org.apache.maven.surefire.junit.JUnit3Provider.invoke(JUnit3Provider.java:94)
	at sun.reflect.NativeMethodAccessorImpl.invoke0(Native Method)
	at sun.reflect.NativeMethodAccessorImpl.invoke(Unknown Source)
	at sun.reflect.DelegatingMethodAccessorImpl.invoke(Unknown Source)
	at java.lang.reflect.Method.invoke(Unknown Source)
	at org.apache.maven.surefire.util.ReflectionUtils.invokeMethodWithArray(ReflectionUtils.java:164)
	at org.apache.maven.surefire.booter.ProviderFactory$ProviderProxy.invoke(ProviderFactory.java:110)
	at org.apache.maven.surefire.booter.SurefireStarter.invokeProvider(SurefireStarter.java:175)
	at org.apache.maven.surefire.booter.SurefireStarter.runSuitesInProcessWhenForked(SurefireStarter.java:107)
	at org.apache.maven.surefire.booter.ForkedBooter.main(ForkedBooter.java:68)
</system-err>
  </testcase>
</testsuite>